<?xml version="1.0" encoding="UTF-8"?>
<testsuite name="WallServiceTest" tests="3" skipped="0" failures="0" errors="0" timestamp="2023-05-21T10:48:38" hostname="MacBook-Pro-Sergej.local" time="0.006">
  <properties/>
  <testcase name="updateExisting" classname="WallServiceTest" time="0.006"/>
  <testcase name="addPost" classname="WallServiceTest" time="0.0"/>
  <testcase name="updateNotExisting" classname="WallServiceTest" time="0.0"/>
  <system-out><![CDATA[]]></system-out>
  <system-err><![CDATA[]]></system-err>
</testsuite>
